<?xml version="1.0" encoding="UTF-8"?>
<testng-results ignored="0" total="1" passed="1" failed="0" skipped="0">
  <reporter-output>
  </reporter-output>
  <suite started-at="2024-07-15T16:45:21 ICT" name="Default Suite" finished-at="2024-07-15T16:45:21 ICT" duration-ms="59">
    <groups>
    </groups>
    <test started-at="2024-07-15T16:45:21 ICT" name="TestNDemo_maven" finished-at="2024-07-15T16:45:21 ICT" duration-ms="59">
      <class name="testCases">
        <test-method signature="test1()[pri:0, instance:testCases@313b2ea6]" started-at="2024-07-15T16:45:21 ICT" name="test1" finished-at="2024-07-15T16:45:21 ICT" duration-ms="5" status="PASS">
          <reporter-output>
          </reporter-output>
        </test-method> <!-- test1 -->
      </class> <!-- testCases -->
    </test> <!-- TestNDemo_maven -->
  </suite> <!-- Default Suite -->
</testng-results>
